2024-01-17 20:40:52 INFO: fuzzy match: /data/jxq/mobile-agent/aitw_replay_data/trace_12/4.xml vs /data/jxq/mobile-agent/aitw_replay_data/151130279482320639/captured_data/xml/0.xml: cosine_similarity: 0.6346709109893662, tree_edit_distance_ratio: 1.0089766606822261
2024-01-17 20:41:19 INFO: fuzzy match: /data/jxq/mobile-agent/aitw_replay_data/trace_12/4.xml vs /data/jxq/mobile-agent/aitw_replay_data/151130279482320639/captured_data/xml/1.xml: cosine_similarity: 0.6695862315077216, tree_edit_distance_ratio: 1.0197486535008977
2024-01-17 20:41:45 INFO: fuzzy match: /data/jxq/mobile-agent/aitw_replay_data/trace_12/4.xml vs /data/jxq/mobile-agent/aitw_replay_data/151130279482320639/captured_data/xml/2.xml: cosine_similarity: 0.6772958654676008, tree_edit_distance_ratio: 1.0233393177737882
2024-01-17 20:42:14 INFO: fuzzy match: /data/jxq/mobile-agent/aitw_replay_data/trace_12/4.xml vs /data/jxq/mobile-agent/aitw_replay_data/151130279482320639/captured_data/xml/3.xml: cosine_similarity: 0.6695862315077216, tree_edit_distance_ratio: 1.0197486535008977
2024-01-17 20:42:38 INFO: fuzzy match: /data/jxq/mobile-agent/aitw_replay_data/trace_12/4.xml vs /data/jxq/mobile-agent/aitw_replay_data/151130279482320639/captured_data/xml/4.xml: cosine_similarity: 0.6695862315077216, tree_edit_distance_ratio: 1.0197486535008977
2024-01-17 20:43:03 INFO: fuzzy match: /data/jxq/mobile-agent/aitw_replay_data/trace_12/4.xml vs /data/jxq/mobile-agent/aitw_replay_data/151130279482320639/captured_data/xml/5.xml: cosine_similarity: 0.6695862315077216, tree_edit_distance_ratio: 1.0197486535008977
2024-01-17 20:51:09 INFO: fuzzy match: /data/jxq/mobile-agent/aitw_replay_data/trace_12/4.xml vs /data/jxq/mobile-agent/aitw_replay_data/151130279482320639/captured_data/xml/6.xml: cosine_similarity: 0.9946069799946491, tree_edit_distance_ratio: 0.36983842010771995
2024-01-17 20:51:09 INFO: fuzzy match successfully: checkpoint /data/jxq/mobile-agent/aitw_replay_data/trace_12/4.xml and captured /data/jxq/mobile-agent/aitw_replay_data/151130279482320639/captured_data/xml/6.xml
2024-01-17 20:51:09 INFO: exactly match failed
2024-01-17 20:51:09 INFO: cnt: 0
2024-01-17 20:51:37 INFO: fuzzy match: /data/jxq/mobile-agent/aitw_replay_data/trace_12/4.xml vs /data/jxq/mobile-agent/aitw_replay_data/151130279482320639/captured_data/xml/7.xml: cosine_similarity: 0.6695862315077216, tree_edit_distance_ratio: 1.0197486535008977
2024-01-17 21:00:52 INFO: fuzzy match: /data/jxq/mobile-agent/aitw_replay_data/trace_12/4.xml vs /data/jxq/mobile-agent/aitw_replay_data/151130279482320639/captured_data/xml/8.xml: cosine_similarity: 1.0000000000000004, tree_edit_distance_ratio: 0.0
2024-01-17 21:00:52 INFO: fuzzy match successfully: checkpoint /data/jxq/mobile-agent/aitw_replay_data/trace_12/4.xml and captured /data/jxq/mobile-agent/aitw_replay_data/151130279482320639/captured_data/xml/8.xml
2024-01-17 21:00:52 INFO: exactly match successfully: flights to helsinki from buenos aires
2024-01-17 21:00:52 INFO: textbox exactly match successfully: checkpoint 0/1 /data/jxq/mobile-agent/aitw_replay_data/trace_12/4-textbox-0 and captured /data/jxq/mobile-agent/aitw_replay_data/151130279482320639/captured_data/xml/8.xml
2024-01-17 21:00:52 INFO: cnt: 1
2024-01-17 21:00:52 INFO: pic_id: 4 exactly checkpoint total_match!: checkpoint /data/jxq/mobile-agent/aitw_replay_data/trace_12/4.xml and captured /data/jxq/mobile-agent/aitw_replay_data/151130279482320639/captured_data/xml/8.xml
2024-01-17 21:01:09 INFO: fuzzy match: /data/jxq/mobile-agent/aitw_replay_data/trace_12/6.xml vs /data/jxq/mobile-agent/aitw_replay_data/151130279482320639/captured_data/xml/0.xml: cosine_similarity: 0.6156810345464999, tree_edit_distance_ratio: 1.011070110701107
2024-01-17 21:01:35 INFO: fuzzy match: /data/jxq/mobile-agent/aitw_replay_data/trace_12/6.xml vs /data/jxq/mobile-agent/aitw_replay_data/151130279482320639/captured_data/xml/1.xml: cosine_similarity: 0.6521390271368195, tree_edit_distance_ratio: 1.0202952029520296
2024-01-17 21:01:59 INFO: fuzzy match: /data/jxq/mobile-agent/aitw_replay_data/trace_12/6.xml vs /data/jxq/mobile-agent/aitw_replay_data/151130279482320639/captured_data/xml/2.xml: cosine_similarity: 0.6598214669780315, tree_edit_distance_ratio: 1.0239852398523985
2024-01-17 21:02:24 INFO: fuzzy match: /data/jxq/mobile-agent/aitw_replay_data/trace_12/6.xml vs /data/jxq/mobile-agent/aitw_replay_data/151130279482320639/captured_data/xml/3.xml: cosine_similarity: 0.6521390271368195, tree_edit_distance_ratio: 1.0202952029520296
2024-01-17 21:02:47 INFO: fuzzy match: /data/jxq/mobile-agent/aitw_replay_data/trace_12/6.xml vs /data/jxq/mobile-agent/aitw_replay_data/151130279482320639/captured_data/xml/4.xml: cosine_similarity: 0.6521390271368195, tree_edit_distance_ratio: 1.0202952029520296
2024-01-17 21:03:12 INFO: fuzzy match: /data/jxq/mobile-agent/aitw_replay_data/trace_12/6.xml vs /data/jxq/mobile-agent/aitw_replay_data/151130279482320639/captured_data/xml/5.xml: cosine_similarity: 0.6521390271368195, tree_edit_distance_ratio: 1.0202952029520296
2024-01-17 21:10:32 INFO: fuzzy match: /data/jxq/mobile-agent/aitw_replay_data/trace_12/6.xml vs /data/jxq/mobile-agent/aitw_replay_data/151130279482320639/captured_data/xml/6.xml: cosine_similarity: 0.9999999999999987, tree_edit_distance_ratio: 0.0
2024-01-17 21:10:32 INFO: fuzzy match successfully: checkpoint /data/jxq/mobile-agent/aitw_replay_data/trace_12/6.xml and captured /data/jxq/mobile-agent/aitw_replay_data/151130279482320639/captured_data/xml/6.xml
2024-01-17 21:10:32 INFO: click exactly match failed: (1323, 241) not in [42, 981][1042, 1123]
2024-01-17 21:10:32 INFO: cnt: 0
2024-01-17 21:10:55 INFO: fuzzy match: /data/jxq/mobile-agent/aitw_replay_data/trace_12/6.xml vs /data/jxq/mobile-agent/aitw_replay_data/151130279482320639/captured_data/xml/7.xml: cosine_similarity: 0.6521390271368195, tree_edit_distance_ratio: 1.0202952029520296
2024-01-17 21:19:23 INFO: fuzzy match: /data/jxq/mobile-agent/aitw_replay_data/trace_12/6.xml vs /data/jxq/mobile-agent/aitw_replay_data/151130279482320639/captured_data/xml/8.xml: cosine_similarity: 0.9946069799946491, tree_edit_distance_ratio: 0.36983842010771995
2024-01-17 21:19:23 INFO: fuzzy match successfully: checkpoint /data/jxq/mobile-agent/aitw_replay_data/trace_12/6.xml and captured /data/jxq/mobile-agent/aitw_replay_data/151130279482320639/captured_data/xml/8.xml
